# JRE version: OpenJDK Runtime Environment Temurin-17.0.2+8 (17.0.2+8) (build 17.0.2+8)
# Java VM: OpenJDK 64-Bit Server VM Temurin-17.0.2+8 (17.0.2+8, mixed mode, emulated-client, tiered, compressed oops, compressed class ptrs, g1 gc, linux-amd64)
GC Precious Log:
 CPUs: 8 total, 8 available
 Memory: 15220M
 Large Page Support: Disabled
 NUMA Support: Disabled
 Compressed Oops: Enabled (Zero based)
 Heap Region Size: 2M
 Heap Min Capacity: 8M
 Heap Initial Capacity: 238M
 Heap Max Capacity: 3806M
 Pre-touch: Disabled
 Parallel Workers: 8
 Concurrent Workers: 2
 Concurrent Refinement Workers: 8
 Periodic GC: Disabled
Heap:
 garbage-first heap   total 92160K, used 51703K [0x0000000712200000, 0x0000000800000000)
  region size 2048K, 12 young (24576K), 2 survivors (4096K)
 Metaspace       used 71704K, committed 72192K, reserved 1114112K
  class space    used 9746K, committed 9984K, reserved 1048576K
GC Heap History (20 events):
Event: 2.678 GC heap after
{Heap after GC invocations=12 (full 0):
 garbage-first heap   total 75776K, used 22465K [0x0000000712200000, 0x0000000800000000)
  region size 2048K, 3 young (6144K), 3 survivors (6144K)
 Metaspace       used 53964K, committed 54400K, reserved 1097728K
  class space    used 7170K, committed 7360K, reserved 1048576K
}
Event: 3.664 GC heap before
{Heap before GC invocations=12 (full 0):
 garbage-first heap   total 75776K, used 53185K [0x0000000712200000, 0x0000000800000000)
  region size 2048K, 18 young (36864K), 3 survivors (6144K)
 Metaspace       used 58954K, committed 59456K, reserved 1105920K
  class space    used 7947K, committed 8192K, reserved 1048576K
}
Event: 3.668 GC heap after
{Heap after GC invocations=13 (full 0):
 garbage-first heap   total 75776K, used 24068K [0x0000000712200000, 0x0000000800000000)
  region size 2048K, 2 young (4096K), 2 survivors (4096K)
 Metaspace       used 58954K, committed 59456K, reserved 1105920K
  class space    used 7947K, committed 8192K, reserved 1048576K
}
Event: 3.771 GC heap before
{Heap before GC invocations=13 (full 0):
 garbage-first heap   total 75776K, used 36356K [0x0000000712200000, 0x0000000800000000)
  region size 2048K, 9 young (18432K), 2 survivors (4096K)
 Metaspace       used 60382K, committed 60800K, reserved 1105920K
  class space    used 8163K, committed 8384K, reserved 1048576K
}
Event: 3.775 GC heap after
{Heap after GC invocations=14 (full 0):
 garbage-first heap   total 75776K, used 24948K [0x0000000712200000, 0x0000000800000000)
  region size 2048K, 2 young (4096K), 2 survivors (4096K)
 Metaspace       used 60382K, committed 60800K, reserved 1105920K
  class space    used 8163K, committed 8384K, reserved 1048576K
}
Event: 3.960 GC heap before
{Heap before GC invocations=15 (full 0):
 garbage-first heap   total 75776K, used 53620K [0x0000000712200000, 0x0000000800000000)
  region size 2048K, 16 young (32768K), 2 survivors (4096K)
 Metaspace       used 60970K, committed 61440K, reserved 1105920K
  class space    used 8284K, committed 8512K, reserved 1048576K
}
Event: 3.963 GC heap after
{Heap after GC invocations=16 (full 0):
 garbage-first heap   total 75776K, used 26124K [0x0000000712200000, 0x0000000800000000)
  region size 2048K, 2 young (4096K), 2 survivors (4096K)
 Metaspace       used 60970K, committed 61440K, reserved 1105920K
  class space    used 8284K, committed 8512K, reserved 1048576K
}
Event: 4.206 GC heap before
{Heap before GC invocations=16 (full 0):
 garbage-first heap   total 75776K, used 54796K [0x0000000712200000, 0x0000000800000000)
  region size 2048K, 16 young (32768K), 2 survivors (4096K)
 Metaspace       used 63622K, committed 64000K, reserved 1105920K
  class space    used 8688K, committed 8896K, reserved 1048576K
}
Event: 4.208 GC heap after
{Heap after GC invocations=17 (full 0):
 garbage-first heap   total 75776K, used 27890K [0x0000000712200000, 0x0000000800000000)
  region size 2048K, 2 young (4096K), 2 survivors (4096K)
 Metaspace       used 63622K, committed 64000K, reserved 1105920K
  class space    used 8688K, committed 8896K, reserved 1048576K
}
Event: 9.879 GC heap before
{Heap before GC invocations=17 (full 0):
 garbage-first heap   total 75776K, used 56562K [0x0000000712200000, 0x0000000800000000)
  region size 2048K, 16 young (32768K), 2 survivors (4096K)
 Metaspace       used 67756K, committed 68224K, reserved 1114112K
  class space    used 9240K, committed 9472K, reserved 1048576K
}
Event: 9.883 GC heap after
{Heap after GC invocations=18 (full 0):
 garbage-first heap   total 92160K, used 29851K [0x0000000712200000, 0x0000000800000000)
  region size 2048K, 2 young (4096K), 2 survivors (4096K)
 Metaspace       used 67756K, committed 68224K, reserved 1114112K
  class space    used 9240K, committed 9472K, reserved 1048576K
}
Event: 191.428 GC heap before
{Heap before GC invocations=18 (full 0):
 garbage-first heap   total 92160K, used 50331K [0x0000000712200000, 0x0000000800000000)
  region size 2048K, 13 young (26624K), 2 survivors (4096K)
 Metaspace       used 70987K, committed 71488K, reserved 1114112K
  class space    used 9654K, committed 9920K, reserved 1048576K
}
Event: 191.461 GC heap after
{Heap after GC invocations=19 (full 1):
 garbage-first heap   total 92160K, used 24378K [0x0000000712200000, 0x0000000800000000)
  region size 2048K, 0 young (0K), 0 survivors (0K)
 Metaspace       used 70987K, committed 71488K, reserved 1114112K
  class space    used 9654K, committed 9920K, reserved 1048576K
}
Event: 191.766 GC heap before
{Heap before GC invocations=19 (full 1):
 garbage-first heap   total 92160K, used 67386K [0x0000000712200000, 0x0000000800000000)
  region size 2048K, 21 young (43008K), 0 survivors (0K)
 Metaspace       used 71151K, committed 71680K, reserved 1114112K
  class space    used 9680K, committed 9920K, reserved 1048576K
}
Event: 191.769 GC heap after
{Heap after GC invocations=20 (full 1):
 garbage-first heap   total 92160K, used 27863K [0x0000000712200000, 0x0000000800000000)
  region size 2048K, 2 young (4096K), 2 survivors (4096K)
 Metaspace       used 71151K, committed 71680K, reserved 1114112K
  class space    used 9680K, committed 9920K, reserved 1048576K
}
Event: 192.649 GC heap before
{Heap before GC invocations=20 (full 1):
 garbage-first heap   total 92160K, used 66775K [0x0000000712200000, 0x0000000800000000)
  region size 2048K, 21 young (43008K), 2 survivors (4096K)
 Metaspace       used 71384K, committed 71936K, reserved 1114112K
  class space    used 9703K, committed 9984K, reserved 1048576K
}
Event: 192.652 GC heap after
{Heap after GC invocations=21 (full 1):
 garbage-first heap   total 92160K, used 29582K [0x0000000712200000, 0x0000000800000000)
  region size 2048K, 3 young (6144K), 3 survivors (6144K)
 Metaspace       used 71384K, committed 71936K, reserved 1114112K
  class space    used 9703K, committed 9984K, reserved 1048576K
}
Event: 192.887 GC heap before
{Heap before GC invocations=21 (full 1):
 garbage-first heap   total 92160K, used 68494K [0x0000000712200000, 0x0000000800000000)
  region size 2048K, 22 young (45056K), 3 survivors (6144K)
 Metaspace       used 71573K, committed 72128K, reserved 1114112K
  class space    used 9719K, committed 9984K, reserved 1048576K
}
Event: 192.891 GC heap after
{Heap after GC invocations=22 (full 1):
 garbage-first heap   total 92160K, used 31385K [0x0000000712200000, 0x0000000800000000)
  region size 2048K, 2 young (4096K), 2 survivors (4096K)
 Metaspace       used 71573K, committed 72128K, reserved 1114112K
  class space    used 9719K, committed 9984K, reserved 1048576K
}
Event: 337.798 GC heap before
{Heap before GC invocations=22 (full 1):
 garbage-first heap   total 92160K, used 49817K [0x0000000712200000, 0x0000000800000000)
  region size 2048K, 12 young (24576K), 2 survivors (4096K)
 Metaspace       used 71704K, committed 72192K, reserved 1114112K
  class space    used 9746K, committed 9984K, reserved 1048576K
}

